<?xml version="1.0" encoding="UTF-8"?>
<!-- Generated by org.testng.reporters.JUnitReportReporter -->
<testsuite hostname="LAPTOP-MSK86JTQ" failures="0" tests="2" name="com.qa.testscripts.AutomationAnywhereTest" time="10.876" errors="0" timestamp="2023-07-24T17:33:20 IST" skipped="0">
  <testcase classname="com.qa.testscripts.AutomationAnywhereTest" name="verifyLogoPresence" time="5.647"/>
  <system-out/>
  <testcase classname="com.qa.testscripts.AutomationAnywhereTest" name="verifyRequestDemoButton" time="5.229"/>
  <system-out/>
</testsuite> <!-- com.qa.testscripts.AutomationAnywhereTest -->
