<?xml version="1.0" encoding="UTF-8"?>
<!-- Generated by org.testng.reporters.JUnitReportReporter -->
<testsuite hostname="LAPTOP-MSK86JTQ" failures="0" tests="5" name="com.qa.testscripts.AutomationAnywhereModified" time="37.605" errors="0" timestamp="2023-07-24T17:33:20 IST" skipped="0">
  <testcase classname="com.qa.testscripts.AutomationAnywhereModified" name="testProductLink" time="5.368"/>
  <system-out/>
  <testcase classname="com.qa.testscripts.AutomationAnywhereModified" name="testSolutionsLink" time="8.328"/>
  <system-out/>
  <testcase classname="com.qa.testscripts.AutomationAnywhereModified" name="testResourcesLink" time="9.408"/>
  <system-out/>
  <testcase classname="com.qa.testscripts.AutomationAnywhereModified" name="testBeyondRPALink" time="8.822"/>
  <system-out/>
  <testcase classname="com.qa.testscripts.AutomationAnywhereModified" name="testCompanyLink" time="5.679"/>
  <system-out/>
</testsuite> <!-- com.qa.testscripts.AutomationAnywhereModified -->
